2020-07-17 13:09:41,511 - /Users/leonjiang/Downloads/Project/bookClassification/src/word2vec/embedding.py[line:157] - INFO: load tfidf model
2020-07-17 13:10:03,404 - /Users/leonjiang/Downloads/Project/bookClassification/src/word2vec/embedding.py[line:160] - INFO: load w2v model
2020-07-17 13:10:10,744 - /Users/leonjiang/Downloads/Project/bookClassification/src/word2vec/embedding.py[line:164] - INFO: load fast model
2020-07-17 13:10:17,570 - /Users/leonjiang/Downloads/Project/bookClassification/src/word2vec/embedding.py[line:168] - INFO: load lda model
2020-07-17 13:10:17,929 - /Users/leonjiang/Downloads/Project/bookClassification/src/word2vec/embedding.py[line:171] - INFO: load autoencoder model
2020-07-17 13:10:45,489 - /Users/leonjiang/Downloads/Project/bookClassification/src/word2vec/embedding.py[line:157] - INFO: load tfidf model
2020-07-17 13:11:09,503 - /Users/leonjiang/Downloads/Project/bookClassification/src/word2vec/embedding.py[line:160] - INFO: load w2v model
2020-07-17 13:11:16,792 - /Users/leonjiang/Downloads/Project/bookClassification/src/word2vec/embedding.py[line:164] - INFO: load fast model
2020-07-17 13:11:23,249 - /Users/leonjiang/Downloads/Project/bookClassification/src/word2vec/embedding.py[line:168] - INFO: load lda model
2020-07-17 13:11:23,614 - /Users/leonjiang/Downloads/Project/bookClassification/src/word2vec/embedding.py[line:171] - INFO: load autoencoder model
2020-07-17 13:13:56,105 - /Users/leonjiang/Downloads/Project/bookClassification/src/word2vec/embedding.py[line:157] - INFO: load tfidf model
2020-07-17 13:14:17,964 - /Users/leonjiang/Downloads/Project/bookClassification/src/word2vec/embedding.py[line:160] - INFO: load w2v model
2020-07-17 13:14:24,942 - /Users/leonjiang/Downloads/Project/bookClassification/src/word2vec/embedding.py[line:164] - INFO: load fast model
2020-07-17 13:14:31,747 - /Users/leonjiang/Downloads/Project/bookClassification/src/word2vec/embedding.py[line:168] - INFO: load lda model
2020-07-17 13:14:32,093 - /Users/leonjiang/Downloads/Project/bookClassification/src/word2vec/embedding.py[line:171] - INFO: load autoencoder model
2020-07-17 13:17:51,432 - /Users/leonjiang/Downloads/Project/bookClassification/src/word2vec/embedding.py[line:157] - INFO: load tfidf model
2020-07-17 13:18:15,820 - /Users/leonjiang/Downloads/Project/bookClassification/src/word2vec/embedding.py[line:160] - INFO: load w2v model
2020-07-17 13:18:23,583 - /Users/leonjiang/Downloads/Project/bookClassification/src/word2vec/embedding.py[line:164] - INFO: load fast model
2020-07-17 13:18:30,420 - /Users/leonjiang/Downloads/Project/bookClassification/src/word2vec/embedding.py[line:168] - INFO: load lda model
2020-07-17 13:18:30,826 - /Users/leonjiang/Downloads/Project/bookClassification/src/word2vec/embedding.py[line:171] - INFO: load autoencoder model
2020-07-17 13:18:57,199 - /Users/leonjiang/Downloads/Project/bookClassification/src/word2vec/embedding.py[line:157] - INFO: load tfidf model
2020-07-17 13:19:19,758 - /Users/leonjiang/Downloads/Project/bookClassification/src/word2vec/embedding.py[line:160] - INFO: load w2v model
2020-07-17 13:19:26,567 - /Users/leonjiang/Downloads/Project/bookClassification/src/word2vec/embedding.py[line:164] - INFO: load fast model
2020-07-17 13:19:33,468 - /Users/leonjiang/Downloads/Project/bookClassification/src/word2vec/embedding.py[line:168] - INFO: load lda model
2020-07-17 13:19:33,934 - /Users/leonjiang/Downloads/Project/bookClassification/src/word2vec/embedding.py[line:171] - INFO: load autoencoder model
2020-07-17 13:32:24,751 - /Users/leonjiang/Downloads/Project/bookClassification/src/word2vec/embedding.py[line:157] - INFO: load tfidf model
2020-07-17 13:32:44,960 - /Users/leonjiang/Downloads/Project/bookClassification/src/word2vec/embedding.py[line:160] - INFO: load w2v model
2020-07-17 13:32:51,217 - /Users/leonjiang/Downloads/Project/bookClassification/src/word2vec/embedding.py[line:164] - INFO: load fast model
2020-07-17 13:32:57,244 - /Users/leonjiang/Downloads/Project/bookClassification/src/word2vec/embedding.py[line:168] - INFO: load lda model
2020-07-17 13:32:57,578 - /Users/leonjiang/Downloads/Project/bookClassification/src/word2vec/embedding.py[line:171] - INFO: load autoencoder model
2020-07-17 13:33:22,980 - /Users/leonjiang/Downloads/Project/bookClassification/src/word2vec/embedding.py[line:157] - INFO: load tfidf model
2020-07-17 13:33:46,100 - /Users/leonjiang/Downloads/Project/bookClassification/src/word2vec/embedding.py[line:160] - INFO: load w2v model
2020-07-17 13:33:53,890 - /Users/leonjiang/Downloads/Project/bookClassification/src/word2vec/embedding.py[line:164] - INFO: load fast model
2020-07-17 13:34:01,686 - /Users/leonjiang/Downloads/Project/bookClassification/src/word2vec/embedding.py[line:168] - INFO: load lda model
2020-07-17 13:34:02,046 - /Users/leonjiang/Downloads/Project/bookClassification/src/word2vec/embedding.py[line:171] - INFO: load autoencoder model
2020-07-17 13:34:45,738 - /Users/leonjiang/Downloads/Project/bookClassification/src/word2vec/embedding.py[line:157] - INFO: load tfidf model
2020-07-17 13:35:07,375 - /Users/leonjiang/Downloads/Project/bookClassification/src/word2vec/embedding.py[line:160] - INFO: load w2v model
2020-07-17 13:35:14,523 - /Users/leonjiang/Downloads/Project/bookClassification/src/word2vec/embedding.py[line:164] - INFO: load fast model
2020-07-17 13:35:23,567 - /Users/leonjiang/Downloads/Project/bookClassification/src/word2vec/embedding.py[line:168] - INFO: load lda model
2020-07-17 13:35:50,050 - /Users/leonjiang/Downloads/Project/bookClassification/src/word2vec/embedding.py[line:157] - INFO: load tfidf model
2020-07-17 13:36:10,229 - /Users/leonjiang/Downloads/Project/bookClassification/src/word2vec/embedding.py[line:160] - INFO: load w2v model
2020-07-17 13:36:16,666 - /Users/leonjiang/Downloads/Project/bookClassification/src/word2vec/embedding.py[line:164] - INFO: load fast model
2020-07-17 13:36:22,968 - /Users/leonjiang/Downloads/Project/bookClassification/src/word2vec/embedding.py[line:168] - INFO: load lda model
2020-07-17 13:36:23,338 - /Users/leonjiang/Downloads/Project/bookClassification/src/word2vec/embedding.py[line:171] - INFO: load autoencoder model
2020-07-17 13:40:05,058 - /Users/leonjiang/Downloads/Project/bookClassification/src/word2vec/embedding.py[line:157] - INFO: load tfidf model
2020-07-17 13:40:25,976 - /Users/leonjiang/Downloads/Project/bookClassification/src/word2vec/embedding.py[line:160] - INFO: load w2v model
2020-07-17 13:40:32,742 - /Users/leonjiang/Downloads/Project/bookClassification/src/word2vec/embedding.py[line:164] - INFO: load fast model
2020-07-17 13:40:39,830 - /Users/leonjiang/Downloads/Project/bookClassification/src/word2vec/embedding.py[line:168] - INFO: load lda model
2020-07-17 13:40:40,203 - /Users/leonjiang/Downloads/Project/bookClassification/src/word2vec/embedding.py[line:171] - INFO: load autoencoder model
2020-07-17 13:41:59,050 - /Users/leonjiang/Downloads/Project/bookClassification/src/word2vec/embedding.py[line:157] - INFO: load tfidf model
2020-07-17 13:42:20,015 - /Users/leonjiang/Downloads/Project/bookClassification/src/word2vec/embedding.py[line:160] - INFO: load w2v model
2020-07-17 13:42:26,560 - /Users/leonjiang/Downloads/Project/bookClassification/src/word2vec/embedding.py[line:164] - INFO: load fast model
2020-07-17 13:42:32,744 - /Users/leonjiang/Downloads/Project/bookClassification/src/word2vec/embedding.py[line:168] - INFO: load lda model
2020-07-17 13:42:33,106 - /Users/leonjiang/Downloads/Project/bookClassification/src/word2vec/embedding.py[line:171] - INFO: load autoencoder model
2020-07-17 13:44:16,149 - /Users/leonjiang/Downloads/Project/bookClassification/src/word2vec/embedding.py[line:157] - INFO: load tfidf model
2020-07-17 13:44:37,268 - /Users/leonjiang/Downloads/Project/bookClassification/src/word2vec/embedding.py[line:160] - INFO: load w2v model
2020-07-17 13:44:44,075 - /Users/leonjiang/Downloads/Project/bookClassification/src/word2vec/embedding.py[line:164] - INFO: load fast model
2020-07-17 13:44:50,360 - /Users/leonjiang/Downloads/Project/bookClassification/src/word2vec/embedding.py[line:168] - INFO: load lda model
2020-07-17 13:44:50,810 - /Users/leonjiang/Downloads/Project/bookClassification/src/word2vec/embedding.py[line:171] - INFO: load autoencoder model
2020-07-17 14:11:09,694 - /Users/leonjiang/Downloads/Project/bookClassification/src/word2vec/embedding.py[line:157] - INFO: load tfidf model
2020-07-17 14:11:32,234 - /Users/leonjiang/Downloads/Project/bookClassification/src/word2vec/embedding.py[line:160] - INFO: load w2v model
2020-07-17 14:11:40,632 - /Users/leonjiang/Downloads/Project/bookClassification/src/word2vec/embedding.py[line:164] - INFO: load fast model
2020-07-17 14:11:47,816 - /Users/leonjiang/Downloads/Project/bookClassification/src/word2vec/embedding.py[line:168] - INFO: load lda model
2020-07-17 14:11:48,365 - /Users/leonjiang/Downloads/Project/bookClassification/src/word2vec/embedding.py[line:171] - INFO: load autoencoder model
2020-07-17 14:15:06,663 - /Users/leonjiang/Downloads/Project/bookClassification/src/word2vec/embedding.py[line:157] - INFO: load tfidf model
2020-07-17 14:15:29,131 - /Users/leonjiang/Downloads/Project/bookClassification/src/word2vec/embedding.py[line:160] - INFO: load w2v model
2020-07-17 14:15:37,418 - /Users/leonjiang/Downloads/Project/bookClassification/src/word2vec/embedding.py[line:164] - INFO: load fast model
2020-07-17 14:15:44,617 - /Users/leonjiang/Downloads/Project/bookClassification/src/word2vec/embedding.py[line:168] - INFO: load lda model
2020-07-17 14:15:45,222 - /Users/leonjiang/Downloads/Project/bookClassification/src/word2vec/embedding.py[line:171] - INFO: load autoencoder model
2020-07-17 14:19:01,713 - /Users/leonjiang/Downloads/Project/bookClassification/src/word2vec/embedding.py[line:157] - INFO: load tfidf model
2020-07-17 14:19:22,783 - /Users/leonjiang/Downloads/Project/bookClassification/src/word2vec/embedding.py[line:160] - INFO: load w2v model
2020-07-17 14:19:30,286 - /Users/leonjiang/Downloads/Project/bookClassification/src/word2vec/embedding.py[line:164] - INFO: load fast model
2020-07-17 14:19:37,190 - /Users/leonjiang/Downloads/Project/bookClassification/src/word2vec/embedding.py[line:168] - INFO: load lda model
2020-07-17 14:19:37,648 - /Users/leonjiang/Downloads/Project/bookClassification/src/word2vec/embedding.py[line:171] - INFO: load autoencoder model
2020-07-17 14:21:47,697 - /Users/leonjiang/Downloads/Project/bookClassification/src/word2vec/embedding.py[line:157] - INFO: load tfidf model
2020-07-17 14:22:12,343 - /Users/leonjiang/Downloads/Project/bookClassification/src/word2vec/embedding.py[line:160] - INFO: load w2v model
2020-07-17 14:22:21,430 - /Users/leonjiang/Downloads/Project/bookClassification/src/word2vec/embedding.py[line:164] - INFO: load fast model
2020-07-17 14:22:29,239 - /Users/leonjiang/Downloads/Project/bookClassification/src/word2vec/embedding.py[line:168] - INFO: load lda model
2020-07-17 14:22:29,845 - /Users/leonjiang/Downloads/Project/bookClassification/src/word2vec/embedding.py[line:171] - INFO: load autoencoder model
2020-07-17 14:24:04,016 - /Users/leonjiang/Downloads/Project/bookClassification/src/word2vec/embedding.py[line:157] - INFO: load tfidf model
2020-07-17 14:24:26,144 - /Users/leonjiang/Downloads/Project/bookClassification/src/word2vec/embedding.py[line:160] - INFO: load w2v model
2020-07-17 14:24:34,133 - /Users/leonjiang/Downloads/Project/bookClassification/src/word2vec/embedding.py[line:164] - INFO: load fast model
2020-07-17 14:24:40,626 - /Users/leonjiang/Downloads/Project/bookClassification/src/word2vec/embedding.py[line:168] - INFO: load lda model
2020-07-17 14:24:41,092 - /Users/leonjiang/Downloads/Project/bookClassification/src/word2vec/embedding.py[line:171] - INFO: load autoencoder model
2020-07-17 14:25:37,168 - /Users/leonjiang/Downloads/Project/bookClassification/src/word2vec/embedding.py[line:157] - INFO: load tfidf model
2020-07-17 14:25:59,423 - /Users/leonjiang/Downloads/Project/bookClassification/src/word2vec/embedding.py[line:160] - INFO: load w2v model
2020-07-17 14:26:06,295 - /Users/leonjiang/Downloads/Project/bookClassification/src/word2vec/embedding.py[line:164] - INFO: load fast model
2020-07-17 14:26:12,957 - /Users/leonjiang/Downloads/Project/bookClassification/src/word2vec/embedding.py[line:168] - INFO: load lda model
2020-07-17 14:26:13,439 - /Users/leonjiang/Downloads/Project/bookClassification/src/word2vec/embedding.py[line:171] - INFO: load autoencoder model
2020-07-17 14:30:15,251 - /Users/leonjiang/Downloads/Project/bookClassification/src/word2vec/embedding.py[line:157] - INFO: load tfidf model
2020-07-17 14:30:42,360 - /Users/leonjiang/Downloads/Project/bookClassification/src/word2vec/embedding.py[line:160] - INFO: load w2v model
2020-07-17 14:30:49,199 - /Users/leonjiang/Downloads/Project/bookClassification/src/word2vec/embedding.py[line:164] - INFO: load fast model
2020-07-17 14:30:55,948 - /Users/leonjiang/Downloads/Project/bookClassification/src/word2vec/embedding.py[line:168] - INFO: load lda model
2020-07-17 14:30:56,423 - /Users/leonjiang/Downloads/Project/bookClassification/src/word2vec/embedding.py[line:171] - INFO: load autoencoder model
2020-07-17 16:45:07,415 - /Users/leonjiang/Downloads/Project/bookClassification/src/word2vec/embedding.py[line:159] - INFO: load tfidf model
2020-07-17 16:45:48,818 - /Users/leonjiang/Downloads/Project/bookClassification/src/word2vec/embedding.py[line:162] - INFO: load w2v model
2020-07-17 16:46:03,857 - /Users/leonjiang/Downloads/Project/bookClassification/src/word2vec/embedding.py[line:166] - INFO: load fast model
2020-07-17 16:46:19,294 - /Users/leonjiang/Downloads/Project/bookClassification/src/word2vec/embedding.py[line:170] - INFO: load lda model
2020-07-17 16:46:20,146 - /Users/leonjiang/Downloads/Project/bookClassification/src/word2vec/embedding.py[line:173] - INFO: load autoencoder model
2020-07-17 23:22:32,775 - /Users/leonjiang/Downloads/Project/bookClassification/src/word2vec/embedding.py[line:159] - INFO: load tfidf model
2020-07-17 23:22:55,039 - /Users/leonjiang/Downloads/Project/bookClassification/src/word2vec/embedding.py[line:162] - INFO: load w2v model
2020-07-17 23:23:03,285 - /Users/leonjiang/Downloads/Project/bookClassification/src/word2vec/embedding.py[line:166] - INFO: load fast model
2020-07-17 23:23:10,458 - /Users/leonjiang/Downloads/Project/bookClassification/src/word2vec/embedding.py[line:170] - INFO: load lda model
2020-07-17 23:23:10,958 - /Users/leonjiang/Downloads/Project/bookClassification/src/word2vec/embedding.py[line:173] - INFO: load autoencoder model
